model-1644510502,1644510502.653,0.56,0.2485,0.51,0.2551
model-1644510502,1644510502.675,0.5,0.2588,0.51,0.2498
model-1644510502,1644510502.701,0.62,0.249,0.62,0.249
model-1644510502,1644510502.723,0.55,0.2495,0.52,0.2496
model-1644510502,1644510502.746,0.45,0.251,0.58,0.2493
model-1644510502,1644510502.767,0.54,0.2497,0.4,0.2524
model-1644510502,1644510502.788,0.49,0.2505,0.52,0.2495
model-1644510502,1644510502.815,0.53,0.2491,0.45,0.2525
model-1644510502,1644510502.836,0.44,0.2529,0.59,0.2472
model-1644510502,1644510502.857,0.49,0.2505,0.54,0.249
model-1644510502,1644510502.878,0.52,0.2495,0.55,0.2486
model-1644510502,1644510502.898,0.52,0.2494,0.44,0.2507
model-1644510502,1644510502.921,0.59,0.2477,0.39,0.2524
model-1644510502,1644510502.941,0.53,0.2491,0.52,0.2495
model-1644510502,1644510502.962,0.51,0.2495,0.43,0.2519
model-1644510502,1644510502.978,0.45,0.2512,0.49,0.25
model-1644510502,1644510502.994,0.45,0.2524,0.56,0.2481
model-1644510502,1644510503.011,0.52,0.2501,0.57,0.2485
model-1644510502,1644510503.03,0.5,0.2497,0.56,0.2497
model-1644510502,1644510503.046,0.51,0.2501,0.56,0.2485
model-1644510502,1644510503.065,0.46,0.2499,0.66,0.2486
model-1644510502,1644510503.081,0.65,0.2486,0.41,0.2507
model-1644510502,1644510503.097,0.48,0.2487,0.53,0.2478
model-1644510502,1644510503.118,0.37,0.2526,0.48,0.2488
model-1644510502,1644510503.137,0.58,0.2491,0.5,0.2504
model-1644510502,1644510503.153,0.54,0.2485,0.55,0.2484
model-1644510502,1644510503.169,0.47,0.2508,0.55,0.2484
model-1644510502,1644510503.185,0.49,0.2503,0.58,0.2473
model-1644510502,1644510503.201,0.6,0.2464,0.52,0.2493
model-1644510502,1644510503.218,0.58,0.2469,0.51,0.2498
model-1644510502,1644510503.237,0.39,0.2552,0.45,0.2526
model-1644510502,1644510503.255,0.54,0.2484,0.54,0.2484
model-1644510502,1644510503.271,0.56,0.2476,0.44,0.2534
model-1644510502,1644510503.289,0.55,0.2475,0.49,0.2505
model-1644510502,1644510503.305,0.5,0.2505,0.43,0.2538
model-1644510502,1644510503.321,0.61,0.2442,0.56,0.2465
model-1644510502,1644510503.34,0.54,0.2477,0.47,0.2525
model-1644510502,1644510503.356,0.55,0.2473,0.49,0.2504
model-1644510502,1644510503.371,0.47,0.2523,0.49,0.2507
model-1644510502,1644510503.388,0.51,0.249,0.57,0.2439
model-1644510502,1644510503.404,0.52,0.2476,0.46,0.2496
model-1644510502,1644510503.421,0.55,0.2458,0.51,0.2474
model-1644510502,1644510503.436,0.5,0.2474,0.51,0.2508
model-1644510502,1644510503.458,0.51,0.241,0.49,0.2467
model-1644510502,1644510503.474,0.45,0.2489,0.59,0.2425
model-1644510502,1644510503.491,0.53,0.2446,0.54,0.2465
model-1644510502,1644510503.507,0.58,0.2437,0.58,0.2484
model-1644510502,1644510503.523,0.47,0.2469,0.57,0.2365
model-1644510502,1644510503.54,0.57,0.2488,0.46,0.2481
model-1644510502,1644510503.56,0.63,0.2415,0.65,0.2269
model-1644510502,1644510503.576,0.56,0.2505,0.45,0.2616
model-1644510502,1644510503.592,0.54,0.2497,0.61,0.2349
model-1644510502,1644510503.608,0.48,0.2611,0.61,0.2369
model-1644510502,1644510503.624,0.56,0.2442,0.55,0.2458
model-1644510502,1644510503.64,0.53,0.2376,0.66,0.2317
model-1644510502,1644510503.659,0.67,0.2274,0.67,0.2311
model-1644510502,1644510503.675,0.59,0.24,0.53,0.2454
model-1644510502,1644510503.691,0.53,0.2451,0.59,0.2376
model-1644510502,1644510503.707,0.64,0.235,0.58,0.2374
model-1644510502,1644510503.724,0.56,0.2406,0.57,0.2439
model-1644510502,1644510503.741,0.58,0.2369,0.59,0.235
model-1644510502,1644510503.76,0.63,0.2404,0.65,0.2237
model-1644510502,1644510503.776,0.63,0.2331,0.57,0.2434
model-1644510502,1644510503.792,0.57,0.2382,0.55,0.2499
model-1644510502,1644510503.808,0.55,0.2412,0.59,0.2418
model-1644510502,1644510503.824,0.66,0.2157,0.69,0.2038
model-1644510502,1644510503.841,0.59,0.2342,0.58,0.2348
model-1644510502,1644510503.865,0.56,0.2435,0.58,0.2349
model-1644510502,1644510503.881,0.62,0.2271,0.62,0.2306
model-1644510502,1644510503.897,0.5,0.2692,0.57,0.2402
model-1644510502,1644510503.913,0.52,0.2624,0.6,0.2262
model-1644510502,1644510503.93,0.57,0.235,0.63,0.2248
model-1644510502,1644510503.946,0.58,0.238,0.61,0.2284
model-1644510502,1644510503.965,0.61,0.2344,0.54,0.2342
model-1644510502,1644510503.981,0.56,0.2483,0.62,0.2428
model-1644510502,1644510504.0,0.47,0.26,0.62,0.2478
model-1644510502,1644510504.016,0.62,0.2332,0.64,0.2277
model-1644510502,1644510504.031,0.64,0.2248,0.61,0.2356
model-1644510502,1644510504.048,0.56,0.2402,0.67,0.2307
model-1644510502,1644510504.067,0.64,0.2309,0.64,0.234
model-1644510502,1644510504.083,0.59,0.2462,0.58,0.2369
model-1644510502,1644510504.098,0.63,0.2376,0.6,0.2459
model-1644510502,1644510504.114,0.49,0.2548,0.62,0.2414
model-1644510502,1644510504.134,0.54,0.2535,0.63,0.2263
model-1644510502,1644510504.151,0.68,0.2293,0.57,0.2476
model-1644510502,1644510504.171,0.59,0.2384,0.59,0.2423
model-1644510502,1644510504.187,0.58,0.2437,0.58,0.2398
model-1644510502,1644510504.203,0.56,0.2401,0.65,0.2325
model-1644510502,1644510504.219,0.63,0.2394,0.68,0.2247
model-1644510502,1644510504.235,0.62,0.2368,0.64,0.2311
model-1644510502,1644510504.251,0.56,0.238,0.58,0.2418
model-1644510502,1644510504.271,0.65,0.2337,0.66,0.2266
model-1644510502,1644510504.287,0.66,0.2279,0.56,0.2305
model-1644510502,1644510504.303,0.61,0.2284,0.61,0.2294
model-1644510502,1644510504.319,0.61,0.2273,0.64,0.2235
model-1644510502,1644510504.335,0.64,0.2251,0.59,0.2216
model-1644510502,1644510504.354,0.65,0.2169,0.58,0.2357
model-1644510502,1644510504.373,0.55,0.2426,0.62,0.2351
model-1644510502,1644510504.389,0.66,0.2173,0.65,0.2454
model-1644510502,1644510504.405,0.5,0.2865,0.65,0.2246
model-1644510502,1644510504.422,0.58,0.2371,0.66,0.2156
model-1644510502,1644510504.438,0.67,0.219,0.67,0.2181
model-1644510502,1644510504.454,0.58,0.2524,0.62,0.2252
model-1644510502,1644510504.473,0.62,0.2271,0.71,0.2007
model-1644510502,1644510504.489,0.54,0.2425,0.65,0.2334
model-1644510502,1644510504.508,0.58,0.238,0.56,0.2329
model-1644510502,1644510504.526,0.58,0.2426,0.61,0.2276
model-1644510502,1644510504.541,0.58,0.2561,0.62,0.2306
model-1644510502,1644510504.557,0.56,0.2433,0.63,0.2208
model-1644510502,1644510504.577,0.55,0.2451,0.71,0.2232
model-1644510502,1644510504.592,0.63,0.2376,0.61,0.233
model-1644510502,1644510504.608,0.62,0.2312,0.67,0.2224
model-1644510502,1644510504.624,0.54,0.2458,0.49,0.2399
model-1644510502,1644510504.64,0.56,0.2437,0.52,0.2521
model-1644510502,1644510504.656,0.57,0.2269,0.65,0.2301
model-1644510502,1644510504.672,0.62,0.2374,0.62,0.2376
model-1644510502,1644510504.691,0.63,0.231,0.62,0.2313
model-1644510502,1644510504.707,0.59,0.235,0.66,0.2317
model-1644510502,1644510504.723,0.68,0.2287,0.61,0.2344
model-1644510502,1644510504.739,0.69,0.2262,0.63,0.2339
model-1644510502,1644510504.754,0.55,0.2434,0.59,0.2301
model-1644510502,1644510504.772,0.56,0.239,0.58,0.2304
model-1644510502,1644510504.787,0.64,0.2366,0.62,0.2304
model-1644510502,1644510504.807,0.7,0.2158,0.7,0.2251
model-1644510502,1644510504.822,0.6,0.2415,0.62,0.2267
model-1644510502,1644510504.838,0.58,0.2327,0.63,0.2295
model-1644510502,1644510504.854,0.7,0.212,0.57,0.2339
model-1644510502,1644510504.871,0.52,0.2523,0.56,0.2445
model-1644510502,1644510504.889,0.56,0.2453,0.59,0.2474
model-1644510502,1644510504.908,0.61,0.2315,0.68,0.2141
model-1644510502,1644510504.925,0.62,0.2258,0.56,0.239
model-1644510502,1644510504.941,0.64,0.2272,0.62,0.2339
model-1644510502,1644510504.957,0.57,0.2369,0.68,0.2178
model-1644510502,1644510504.973,0.62,0.215,0.64,0.2137
model-1644510502,1644510504.989,0.63,0.2225,0.56,0.2516
model-1644510502,1644510505.008,0.59,0.2481,0.7,0.2164
model-1644510502,1644510505.025,0.58,0.2518,0.62,0.2225
model-1644510502,1644510505.041,0.64,0.2261,0.61,0.2195
model-1644510502,1644510505.057,0.6,0.2243,0.62,0.2299
model-1644510502,1644510505.072,0.54,0.251,0.66,0.2207
model-1644510502,1644510505.088,0.6,0.2251,0.65,0.209
model-1644510502,1644510505.105,0.64,0.2144,0.57,0.2359
model-1644510502,1644510505.124,0.68,0.2006,0.62,0.237
model-1644510502,1644510505.146,0.56,0.2441,0.69,0.2136
model-1644510502,1644510505.162,0.7,0.2105,0.68,0.2066
model-1644510502,1644510505.178,0.63,0.2097,0.56,0.251
model-1644510502,1644510505.193,0.61,0.2399,0.64,0.2292
model-1644510502,1644510505.209,0.59,0.2409,0.61,0.2422
model-1644510502,1644510505.228,0.67,0.2339,0.68,0.2147
model-1644510502,1644510505.244,0.63,0.2251,0.65,0.2156
model-1644510502,1644510505.26,0.7,0.2128,0.63,0.2222
model-1644510502,1644510505.275,0.67,0.2152,0.66,0.2111
model-1644510502,1644510505.293,0.64,0.2286,0.61,0.2304
model-1644510502,1644510505.309,0.56,0.2529,0.55,0.2418
model-1644510502,1644510505.324,0.63,0.2285,0.64,0.2239
model-1644510502,1644510505.343,0.52,0.2473,0.59,0.244
model-1644510502,1644510505.359,0.65,0.2215,0.54,0.2486
model-1644510502,1644510505.375,0.61,0.2292,0.54,0.2422
model-1644510502,1644510505.391,0.67,0.2078,0.72,0.2033
model-1644510502,1644510505.407,0.69,0.219,0.63,0.2313
model-1644510502,1644510505.422,0.61,0.23,0.63,0.2243
model-1644510502,1644510505.438,0.61,0.226,0.67,0.216
model-1644510502,1644510505.457,0.59,0.237,0.59,0.2274
model-1644510502,1644510505.473,0.66,0.2346,0.64,0.2319
model-1644510502,1644510505.489,0.57,0.2432,0.63,0.2293
model-1644510502,1644510505.504,0.63,0.2275,0.6,0.2342
model-1644510502,1644510505.521,0.64,0.2318,0.57,0.2503
model-1644510502,1644510505.538,0.46,0.2916,0.58,0.2376
model-1644510502,1644510505.554,0.6,0.2397,0.72,0.2046
model-1644510502,1644510505.573,0.6,0.2328,0.67,0.2147
model-1644510502,1644510505.589,0.61,0.2325,0.6,0.2313
model-1644510502,1644510505.605,0.61,0.2401,0.53,0.2515
model-1644510502,1644510505.62,0.55,0.2429,0.53,0.2314
model-1644510502,1644510505.636,0.54,0.2574,0.69,0.2168
model-1644510502,1644510505.656,0.58,0.2444,0.59,0.239
model-1644510502,1644510505.672,0.65,0.227,0.68,0.227
model-1644510502,1644510505.691,0.56,0.2472,0.73,0.2265
model-1644510502,1644510505.707,0.57,0.2394,0.7,0.2206
model-1644510502,1644510505.723,0.59,0.231,0.64,0.2302
model-1644510502,1644510505.739,0.69,0.2239,0.65,0.2298
model-1644510502,1644510505.755,0.63,0.2325,0.53,0.2471
model-1644510502,1644510505.773,0.57,0.2367,0.68,0.2226
model-1644510502,1644510505.791,0.55,0.2405,0.66,0.2352
model-1644510502,1644510505.807,0.7,0.2208,0.73,0.2141
model-1644510502,1644510505.823,0.73,0.211,0.65,0.2342
model-1644510502,1644510505.839,0.66,0.2275,0.66,0.2263
model-1644510502,1644510505.855,0.61,0.2361,0.61,0.2286
model-1644510502,1644510505.871,0.72,0.2089,0.64,0.2347
model-1644510502,1644510505.886,0.72,0.2095,0.63,0.2198
model-1644510502,1644510505.905,0.67,0.2188,0.55,0.2495
model-1644510502,1644510505.922,0.63,0.2137,0.68,0.2205
model-1644510502,1644510505.939,0.63,0.2297,0.58,0.2257
model-1644510502,1644510505.955,0.54,0.2522,0.69,0.2168
model-1644510502,1644510505.971,0.64,0.2176,0.66,0.2319
model-1644510502,1644510505.987,0.57,0.2386,0.58,0.2262
model-1644510502,1644510506.005,0.59,0.2245,0.69,0.2068
model-1644510502,1644510506.024,0.59,0.2307,0.62,0.2295
model-1644510502,1644510506.04,0.57,0.2487,0.64,0.2083
model-1644510502,1644510506.057,0.62,0.2352,0.63,0.2171
model-1644510502,1644510506.073,0.64,0.2303,0.53,0.2512
model-1644510502,1644510506.089,0.61,0.2257,0.71,0.202
model-1644510502,1644510506.105,0.65,0.2185,0.61,0.2365
model-1644510502,1644510506.121,0.64,0.214,0.65,0.2206
model-1644510502,1644510506.14,0.56,0.2579,0.6,0.251
model-1644510502,1644510506.162,0.66,0.2141,0.7,0.2147
model-1644510502,1644510506.178,0.63,0.2321,0.73,0.2019
model-1644510502,1644510506.194,0.58,0.2297,0.7,0.2093
model-1644510502,1644510506.21,0.7,0.2062,0.64,0.2173
model-1644510502,1644510506.226,0.61,0.2311,0.67,0.2234
model-1644510502,1644510506.244,0.6,0.2356,0.56,0.2317
model-1644510502,1644510506.266,0.65,0.2363,0.59,0.2409
model-1644510502,1644510506.281,0.58,0.2469,0.62,0.2329
model-1644510502,1644510506.297,0.63,0.2259,0.64,0.213
model-1644510502,1644510506.313,0.72,0.2195,0.68,0.2145
model-1644510502,1644510506.329,0.72,0.209,0.61,0.2283
model-1644510502,1644510506.345,0.67,0.2256,0.63,0.2349
model-1644510502,1644510506.364,0.56,0.244,0.68,0.2085
model-1644510502,1644510506.38,0.74,0.1954,0.68,0.2117
model-1644510502,1644510506.396,0.74,0.2046,0.63,0.2132
model-1644510502,1644510506.412,0.57,0.236,0.64,0.2213
model-1644510502,1644510506.428,0.64,0.2268,0.6,0.2276
model-1644510502,1644510506.444,0.66,0.2055,0.62,0.2275
model-1644510502,1644510506.46,0.62,0.23,0.65,0.2121
model-1644510502,1644510506.478,0.6,0.2264,0.69,0.2199
model-1644510502,1644510506.492,0.65,0.2264,0.62,0.2348
model-1644510502,1644510506.519,0.67,0.219,0.48,0.3095
model-1644510502,1644510506.535,0.56,0.265,0.61,0.2174
model-1644510502,1644510506.55,0.67,0.2079,0.57,0.2409
model-1644510502,1644510506.567,0.57,0.2429,0.62,0.2084
model-1644510502,1644510506.582,0.57,0.238,0.61,0.2256
model-1644510502,1644510506.598,0.58,0.2346,0.56,0.2329
model-1644510502,1644510506.614,0.57,0.2396,0.62,0.2258
model-1644510502,1644510506.632,0.59,0.2408,0.66,0.2082
model-1644510502,1644510506.648,0.6,0.2326,0.61,0.2259
model-1644510502,1644510506.665,0.65,0.2386,0.64,0.2248
model-1644510502,1644510506.681,0.58,0.2349,0.65,0.2264
model-1644510502,1644510506.697,0.65,0.2247,0.62,0.2332
model-1644510502,1644510506.713,0.75,0.2065,0.64,0.2416
model-1644510502,1644510506.729,0.61,0.2326,0.68,0.2081
model-1644510502,1644510506.747,0.62,0.2314,0.63,0.2263
model-1644510502,1644510506.765,0.59,0.2449,0.6,0.2361
model-1644510502,1644510506.781,0.57,0.2415,0.65,0.2197
model-1644510502,1644510506.797,0.63,0.2422,0.74,0.2158
model-1644510502,1644510506.812,0.69,0.2224,0.68,0.2189
model-1644510502,1644510506.828,0.59,0.245,0.64,0.2284
model-1644510502,1644510506.844,0.58,0.2309,0.61,0.2305
model-1644510502,1644510506.863,0.67,0.211,0.68,0.2149
model-1644510502,1644510506.879,0.66,0.2146,0.66,0.2129
model-1644510502,1644510506.894,0.67,0.2197,0.65,0.2144
model-1644510502,1644510506.913,0.66,0.2306,0.67,0.2073
model-1644510502,1644510506.93,0.67,0.2089,0.64,0.2182
model-1644510502,1644510506.946,0.67,0.215,0.67,0.2251
model-1644510502,1644510506.961,0.64,0.2245,0.65,0.2195
model-1644510502,1644510506.98,0.66,0.2228,0.76,0.1898
model-1644510502,1644510506.997,0.63,0.2163,0.69,0.2181
model-1644510502,1644510507.013,0.72,0.2017,0.66,0.233
model-1644510502,1644510507.029,0.6,0.22,0.63,0.2505
model-1644510502,1644510507.045,0.57,0.2372,0.59,0.2273
model-1644510502,1644510507.061,0.74,0.1997,0.78,0.175
model-1644510502,1644510507.077,0.65,0.2144,0.63,0.2193
model-1644510502,1644510507.096,0.6,0.2213,0.68,0.2141
model-1644510502,1644510507.112,0.67,0.1966,0.76,0.1824
model-1644510502,1644510507.128,0.61,0.2225,0.69,0.1925
model-1644510502,1644510507.144,0.54,0.2438,0.67,0.2358
model-1644510502,1644510507.16,0.62,0.2129,0.67,0.2079
model-1644510502,1644510507.18,0.69,0.21,0.68,0.2076
model-1644510502,1644510507.196,0.57,0.2387,0.66,0.2299
model-1644510502,1644510507.216,0.64,0.1995,0.65,0.2069
model-1644510502,1644510507.232,0.69,0.2117,0.63,0.2157
model-1644510502,1644510507.248,0.63,0.2058,0.65,0.2043
model-1644510502,1644510507.264,0.67,0.2262,0.62,0.2064
model-1644510502,1644510507.281,0.67,0.2029,0.65,0.2359
model-1644510502,1644510507.297,0.64,0.2262,0.66,0.2068
model-1644510502,1644510507.316,0.65,0.2231,0.74,0.1829
model-1644510502,1644510507.331,0.6,0.2291,0.67,0.2096
model-1644510502,1644510507.347,0.6,0.241,0.71,0.192
model-1644510502,1644510507.363,0.61,0.2308,0.74,0.186
model-1644510502,1644510507.379,0.59,0.2549,0.7,0.2158
model-1644510502,1644510507.395,0.64,0.2088,0.64,0.237
model-1644510502,1644510507.411,0.67,0.2005,0.8,0.2
model-1644510502,1644510507.431,0.71,0.2049,0.67,0.1989
model-1644510502,1644510507.447,0.61,0.2206,0.69,0.1896
model-1644510502,1644510507.464,0.63,0.2179,0.68,0.2057
model-1644510502,1644510507.48,0.65,0.2123,0.65,0.2295
model-1644510502,1644510507.496,0.67,0.2208,0.67,0.2105
model-1644510502,1644510507.511,0.62,0.2223,0.68,0.2078
model-1644510502,1644510507.527,0.67,0.2152,0.64,0.2269
model-1644510502,1644510507.547,0.68,0.1948,0.68,0.2116
model-1644510502,1644510507.563,0.67,0.2185,0.67,0.2077
model-1644510502,1644510507.579,0.62,0.215,0.69,0.2012
model-1644510502,1644510507.595,0.75,0.1736,0.67,0.2068
model-1644510502,1644510507.61,0.66,0.2036,0.66,0.2026
model-1644510502,1644510507.626,0.61,0.2432,0.71,0.1906
model-1644510502,1644510507.642,0.6,0.2426,0.62,0.2321
model-1644510502,1644510507.661,0.6,0.2298,0.53,0.2725
model-1644510502,1644510507.677,0.62,0.2179,0.64,0.2232
model-1644510502,1644510507.693,0.57,0.2385,0.67,0.2136
model-1644510502,1644510507.709,0.63,0.2173,0.73,0.1962
model-1644510502,1644510507.725,0.61,0.2199,0.73,0.1908
model-1644510502,1644510507.741,0.63,0.2259,0.66,0.2152
model-1644510502,1644510507.757,0.65,0.2297,0.67,0.209
model-1644510502,1644510507.776,0.7,0.1998,0.64,0.2131
model-1644510502,1644510507.791,0.7,0.2037,0.7,0.209
model-1644510502,1644510507.807,0.69,0.2207,0.63,0.2306
model-1644510502,1644510507.823,0.71,0.1991,0.68,0.2129
model-1644510502,1644510507.839,0.65,0.2194,0.61,0.2291
model-1644510502,1644510507.855,0.67,0.2124,0.68,0.2153
model-1644510502,1644510507.874,0.56,0.247,0.63,0.216
model-1644510502,1644510507.893,0.63,0.2325,0.65,0.2174
model-1644510502,1644510507.908,0.7,0.2035,0.6,0.2294
model-1644510502,1644510507.925,0.65,0.2235,0.59,0.2169
model-1644510502,1644510507.942,0.58,0.2356,0.62,0.2229
model-1644510502,1644510507.959,0.69,0.2203,0.67,0.2247
model-1644510502,1644510507.976,0.67,0.2168,0.64,0.2273
model-1644510502,1644510507.992,0.63,0.2147,0.61,0.2273
model-1644510502,1644510508.012,0.7,0.1953,0.64,0.2251
model-1644510502,1644510508.028,0.67,0.2235,0.75,0.1894
model-1644510502,1644510508.044,0.64,0.2108,0.65,0.2205
model-1644510502,1644510508.063,0.72,0.1996,0.65,0.2245
model-1644510502,1644510508.079,0.66,0.2254,0.67,0.2026
model-1644510502,1644510508.095,0.63,0.2297,0.68,0.2178
model-1644510502,1644510508.11,0.69,0.2078,0.64,0.2186
model-1644510502,1644510508.13,0.63,0.2252,0.62,0.2226
model-1644510502,1644510508.147,0.72,0.2039,0.61,0.2399
model-1644510502,1644510508.163,0.6,0.2449,0.6,0.2637
model-1644510502,1644510508.181,0.67,0.2044,0.63,0.2189
model-1644510502,1644510508.2,0.65,0.2154,0.64,0.2205
model-1644510502,1644510508.216,0.64,0.214,0.74,0.1832
model-1644510502,1644510508.235,0.68,0.2039,0.68,0.2042
model-1644510502,1644510508.251,0.62,0.222,0.62,0.2211
model-1644510502,1644510508.267,0.62,0.2325,0.69,0.214
model-1644510502,1644510508.283,0.63,0.2323,0.68,0.2089
model-1644510502,1644510508.299,0.65,0.2228,0.68,0.1993
model-1644510502,1644510508.315,0.66,0.2172,0.68,0.2132
model-1644510502,1644510508.331,0.66,0.214,0.7,0.2102
model-1644510502,1644510508.349,0.65,0.217,0.69,0.1947
model-1644510502,1644510508.365,0.66,0.2172,0.65,0.2084
model-1644510502,1644510508.384,0.72,0.1957,0.66,0.1949
model-1644510502,1644510508.399,0.58,0.2201,0.76,0.2011
model-1644510502,1644510508.415,0.71,0.1994,0.69,0.2069
model-1644510502,1644510508.431,0.67,0.2153,0.69,0.2131
model-1644510502,1644510508.45,0.71,0.2025,0.57,0.2319
model-1644510502,1644510508.466,0.64,0.2175,0.71,0.1966
model-1644510502,1644510508.482,0.7,0.2019,0.79,0.1791
model-1644510502,1644510508.497,0.73,0.1895,0.63,0.2126
model-1644510502,1644510508.513,0.63,0.2344,0.74,0.2019
model-1644510502,1644510508.529,0.67,0.2152,0.74,0.184
model-1644510502,1644510508.545,0.68,0.2115,0.66,0.2092
model-1644510502,1644510508.564,0.75,0.1793,0.63,0.1998
model-1644510502,1644510508.58,0.65,0.2256,0.67,0.2301
model-1644510502,1644510508.596,0.64,0.2116,0.71,0.197
model-1644510502,1644510508.611,0.71,0.1916,0.73,0.1794
model-1644510502,1644510508.627,0.6,0.2353,0.76,0.1925
model-1644510502,1644510508.643,0.68,0.2189,0.7,0.2002
model-1644510502,1644510508.661,0.69,0.1946,0.7,0.2108
model-1644510502,1644510508.683,0.69,0.2061,0.67,0.2137
model-1644510502,1644510508.699,0.68,0.2102,0.68,0.2104
model-1644510502,1644510508.715,0.68,0.2289,0.65,0.2183
model-1644510502,1644510508.731,0.73,0.1933,0.63,0.2115
model-1644510502,1644510508.747,0.75,0.1884,0.62,0.2381
model-1644510502,1644510508.763,0.66,0.2295,0.73,0.1879
model-1644510502,1644510508.779,0.64,0.2202,0.69,0.2006
model-1644510502,1644510508.797,0.66,0.2217,0.7,0.1969
model-1644510502,1644510508.813,0.7,0.2039,0.7,0.1958
model-1644510502,1644510508.829,0.61,0.2274,0.74,0.1868
model-1644510502,1644510508.845,0.67,0.2156,0.67,0.199
model-1644510502,1644510508.861,0.73,0.1732,0.69,0.189
model-1644510502,1644510508.877,0.76,0.1739,0.65,0.2115
model-1644510502,1644510508.893,0.63,0.2283,0.65,0.207
model-1644510502,1644510508.913,0.72,0.1935,0.76,0.186
model-1644510502,1644510508.929,0.67,0.2104,0.6,0.2426
model-1644510502,1644510508.945,0.68,0.2029,0.7,0.2167
model-1644510502,1644510508.961,0.54,0.2435,0.76,0.1849
model-1644510502,1644510508.977,0.69,0.2114,0.74,0.1875
model-1644510502,1644510508.993,0.68,0.2037,0.71,0.1934
model-1644510502,1644510509.009,0.71,0.1941,0.73,0.1858
model-1644510502,1644510509.028,0.75,0.1797,0.61,0.2402
model-1644510502,1644510509.045,0.72,0.2035,0.62,0.2206
model-1644510502,1644510509.063,0.64,0.2264,0.7,0.1989
model-1644510502,1644510509.08,0.71,0.2085,0.7,0.1918
model-1644510502,1644510509.096,0.63,0.2174,0.69,0.2033
model-1644510502,1644510509.112,0.67,0.1995,0.65,0.208
model-1644510502,1644510509.128,0.62,0.208,0.66,0.2215
model-1644510502,1644510509.146,0.77,0.1797,0.69,0.2169
model-1644510502,1644510509.162,0.68,0.2006,0.78,0.1864
model-1644510502,1644510509.178,0.71,0.2071,0.71,0.2062
model-1644510502,1644510509.195,0.62,0.2106,0.67,0.2055
model-1644510502,1644510509.216,0.73,0.1876,0.63,0.2155
model-1644510502,1644510509.232,0.68,0.2252,0.74,0.1847
model-1644510502,1644510509.251,0.65,0.2256,0.69,0.1998
model-1644510502,1644510509.267,0.72,0.179,0.76,0.1661
model-1644510502,1644510509.283,0.66,0.2135,0.64,0.2332
model-1644510502,1644510509.299,0.53,0.2775,0.66,0.2125
model-1644510502,1644510509.317,0.67,0.2161,0.71,0.1808
model-1644510502,1644510509.333,0.64,0.2241,0.66,0.2171
model-1644510502,1644510509.352,0.69,0.2013,0.68,0.2117
model-1644510502,1644510509.368,0.66,0.2148,0.65,0.2239
model-1644510502,1644510509.384,0.66,0.2231,0.69,0.2112
model-1644510502,1644510509.4,0.59,0.2433,0.62,0.2228
model-1644510502,1644510509.415,0.63,0.2275,0.64,0.2122
model-1644510502,1644510509.433,0.66,0.2075,0.73,0.2001
model-1644510502,1644510509.451,0.61,0.2382,0.78,0.1824
model-1644510502,1644510509.47,0.6,0.219,0.71,0.2008
model-1644510502,1644510509.486,0.65,0.2196,0.72,0.1825
model-1644510502,1644510509.502,0.75,0.1892,0.68,0.2026
model-1644510502,1644510509.518,0.76,0.2017,0.77,0.1838
model-1644510502,1644510509.533,0.64,0.2135,0.68,0.2014
model-1644510502,1644510509.549,0.71,0.2033,0.65,0.2084
model-1644510502,1644510509.565,0.72,0.1882,0.7,0.1902
model-1644510502,1644510509.584,0.75,0.1795,0.63,0.2278
model-1644510502,1644510509.6,0.66,0.2305,0.71,0.2048
model-1644510502,1644510509.616,0.68,0.2192,0.67,0.201
model-1644510502,1644510509.631,0.74,0.1795,0.69,0.1948
model-1644510502,1644510509.647,0.73,0.186,0.63,0.2303
model-1644510502,1644510509.665,0.65,0.2114,0.69,0.1954
model-1644510502,1644510509.682,0.74,0.1819,0.6,0.2466
model-1644510502,1644510509.701,0.69,0.2051,0.75,0.1884
model-1644510502,1644510509.717,0.54,0.2503,0.68,0.2123
model-1644510502,1644510509.733,0.71,0.1879,0.73,0.192
model-1644510502,1644510509.749,0.65,0.2203,0.65,0.212
model-1644510502,1644510509.765,0.7,0.1891,0.69,0.2003
model-1644510502,1644510509.781,0.74,0.1896,0.72,0.1939
model-1644510502,1644510509.797,0.62,0.2221,0.82,0.1613
model-1644510502,1644510509.815,0.63,0.2271,0.73,0.1927
model-1644510502,1644510509.831,0.67,0.2068,0.64,0.198
model-1644510502,1644510509.847,0.68,0.1919,0.73,0.1848
model-1644510502,1644510509.864,0.66,0.2054,0.57,0.2215
model-1644510502,1644510509.882,0.69,0.1981,0.82,0.1591
model-1644510502,1644510509.898,0.58,0.2487,0.67,0.1959
model-1644510502,1644510509.914,0.71,0.1747,0.7,0.1924
model-1644510502,1644510509.933,0.74,0.201,0.62,0.2324
model-1644510502,1644510509.95,0.64,0.2042,0.7,0.2198
model-1644510502,1644510509.967,0.73,0.1747,0.74,0.1802
model-1644510502,1644510509.982,0.58,0.2423,0.67,0.1928
model-1644510502,1644510509.998,0.68,0.2068,0.71,0.1983
model-1644510502,1644510510.015,0.74,0.1955,0.65,0.2111
model-1644510502,1644510510.033,0.72,0.2214,0.79,0.169
model-1644510502,1644510510.054,0.72,0.1892,0.65,0.2187
model-1644510502,1644510510.072,0.7,0.2197,0.72,0.1892
model-1644510502,1644510510.09,0.69,0.2058,0.62,0.2397
model-1644510502,1644510510.107,0.72,0.1947,0.67,0.1848
model-1644510502,1644510510.125,0.72,0.2098,0.68,0.1974
model-1644510502,1644510510.142,0.83,0.15,0.67,0.2158
model-1644510502,1644510510.163,0.78,0.1616,0.7,0.1937
model-1644510502,1644510510.181,0.64,0.2353,0.67,0.2068
model-1644510502,1644510510.2,0.68,0.2052,0.62,0.2486
model-1644510502,1644510510.22,0.76,0.1822,0.8,0.1843
model-1644510502,1644510510.241,0.68,0.2004,0.7,0.1988
model-1644510502,1644510510.259,0.69,0.1888,0.73,0.1874
model-1644510502,1644510510.275,0.75,0.1929,0.68,0.2084
model-1644510502,1644510510.301,0.73,0.1904,0.67,0.2033
model-1644510502,1644510510.317,0.66,0.2112,0.7,0.1844
model-1644510502,1644510510.332,0.8,0.1463,0.74,0.1809
model-1644510502,1644510510.348,0.8,0.1691,0.71,0.1842
model-1644510502,1644510510.364,0.71,0.1963,0.72,0.1845
model-1644510502,1644510510.38,0.65,0.2116,0.74,0.1807
model-1644510502,1644510510.396,0.63,0.2287,0.71,0.1846
model-1644510502,1644510510.415,0.68,0.2115,0.7,0.2119
model-1644510502,1644510510.431,0.65,0.2087,0.7,0.1985
model-1644510502,1644510510.447,0.68,0.213,0.77,0.1666
model-1644510502,1644510510.465,0.62,0.2052,0.72,0.1768
model-1644510502,1644510510.482,0.71,0.2005,0.7,0.1946
model-1644510502,1644510510.498,0.74,0.1841,0.78,0.1824
model-1644510502,1644510510.514,0.62,0.2149,0.77,0.1763
model-1644510502,1644510510.533,0.61,0.2261,0.74,0.1763
model-1644510502,1644510510.549,0.68,0.2059,0.76,0.1688
model-1644510502,1644510510.564,0.64,0.1963,0.65,0.2127
model-1644510502,1644510510.58,0.63,0.2078,0.77,0.1802
model-1644510502,1644510510.596,0.72,0.1877,0.76,0.1778
model-1644510502,1644510510.612,0.65,0.1891,0.72,0.1773
model-1644510502,1644510510.627,0.65,0.2117,0.76,0.1787
model-1644510502,1644510510.647,0.69,0.2006,0.72,0.1935
model-1644510502,1644510510.662,0.72,0.1831,0.78,0.1732
model-1644510502,1644510510.679,0.71,0.1954,0.68,0.2021
model-1644510502,1644510510.696,0.68,0.1964,0.69,0.2111
model-1644510502,1644510510.713,0.78,0.1765,0.78,0.1645
model-1644510502,1644510510.729,0.72,0.2024,0.76,0.172
model-1644510502,1644510510.745,0.66,0.2054,0.67,0.2306
model-1644510502,1644510510.764,0.79,0.1732,0.71,0.1892
model-1644510502,1644510510.78,0.69,0.1978,0.69,0.1953
model-1644510502,1644510510.796,0.7,0.1886,0.78,0.1802
model-1644510502,1644510510.811,0.7,0.191,0.71,0.1863
model-1644510502,1644510510.827,0.7,0.1897,0.7,0.2159
model-1644510502,1644510510.844,0.78,0.183,0.74,0.1724
model-1644510502,1644510510.86,0.73,0.1816,0.76,0.1699
model-1644510502,1644510510.878,0.67,0.2054,0.68,0.2031
model-1644510502,1644510510.894,0.76,0.17,0.72,0.1627
model-1644510502,1644510510.91,0.73,0.1986,0.7,0.1998
model-1644510502,1644510510.925,0.62,0.2289,0.72,0.1878
model-1644510502,1644510510.941,0.65,0.2048,0.74,0.1814
model-1644510502,1644510510.958,0.72,0.178,0.79,0.1762
model-1644510502,1644510510.973,0.68,0.2033,0.71,0.2006
model-1644510502,1644510510.992,0.7,0.1851,0.8,0.1511
model-1644510502,1644510511.008,0.67,0.2098,0.68,0.198
model-1644510502,1644510511.024,0.76,0.1572,0.71,0.1911
model-1644510502,1644510511.04,0.66,0.2128,0.64,0.2262
model-1644510502,1644510511.056,0.68,0.1891,0.77,0.1696
model-1644510502,1644510511.074,0.72,0.1921,0.63,0.2315
model-1644510502,1644510511.091,0.67,0.1957,0.82,0.1516
model-1644510502,1644510511.109,0.68,0.2074,0.75,0.1812
model-1644510502,1644510511.125,0.71,0.2123,0.73,0.1975
model-1644510502,1644510511.142,0.69,0.2026,0.76,0.1663
model-1644510502,1644510511.157,0.68,0.2332,0.72,0.1826
model-1644510502,1644510511.173,0.71,0.1845,0.69,0.2032
model-1644510502,1644510511.189,0.7,0.1794,0.71,0.1911
model-1644510502,1644510511.205,0.73,0.1962,0.69,0.1896
model-1644510502,1644510511.224,0.72,0.1864,0.72,0.1808
model-1644510502,1644510511.242,0.66,0.2001,0.73,0.1871
model-1644510502,1644510511.261,0.72,0.1805,0.67,0.2099
model-1644510502,1644510511.276,0.71,0.2001,0.67,0.1988
model-1644510502,1644510511.292,0.73,0.1778,0.78,0.1575
model-1644510502,1644510511.308,0.73,0.1988,0.72,0.1866
model-1644510502,1644510511.325,0.75,0.1698,0.7,0.1895
model-1644510502,1644510511.344,0.77,0.1747,0.67,0.1959
model-1644510502,1644510511.36,0.7,0.1938,0.62,0.216
model-1644510502,1644510511.377,0.76,0.146,0.66,0.1958
model-1644510502,1644510511.393,0.67,0.1967,0.67,0.2141
model-1644510502,1644510511.409,0.69,0.1951,0.74,0.1755
model-1644510502,1644510511.425,0.69,0.2095,0.71,0.1743
model-1644510502,1644510511.441,0.73,0.1774,0.65,0.219
model-1644510502,1644510511.46,0.69,0.1906,0.66,0.2018
model-1644510502,1644510511.477,0.65,0.2242,0.71,0.2138
model-1644510502,1644510511.494,0.71,0.1944,0.74,0.1787
model-1644510502,1644510511.511,0.68,0.194,0.74,0.1749
model-1644510502,1644510511.528,0.71,0.1942,0.74,0.1823
model-1644510502,1644510511.545,0.65,0.2134,0.71,0.1968
model-1644510502,1644510511.563,0.8,0.1566,0.8,0.1556
model-1644510502,1644510511.583,0.7,0.1962,0.75,0.1742
model-1644510502,1644510511.6,0.77,0.1811,0.77,0.1673
model-1644510502,1644510511.616,0.79,0.1494,0.69,0.2055
model-1644510502,1644510511.633,0.66,0.2005,0.67,0.1985
model-1644510502,1644510511.649,0.69,0.1846,0.71,0.1885
model-1644510502,1644510511.666,0.66,0.2174,0.8,0.1673
model-1644510502,1644510511.686,0.67,0.1959,0.76,0.1792
model-1644510502,1644510511.703,0.75,0.1732,0.76,0.1686
model-1644510502,1644510511.719,0.66,0.2172,0.71,0.1916
model-1644510502,1644510511.736,0.67,0.2092,0.69,0.1804
model-1644510502,1644510511.752,0.69,0.1854,0.65,0.2122
model-1644510502,1644510511.769,0.7,0.1926,0.74,0.1801
model-1644510502,1644510511.791,0.68,0.193,0.7,0.2006
model-1644510502,1644510511.807,0.73,0.1722,0.66,0.2013
model-1644510502,1644510511.824,0.71,0.1766,0.72,0.1749
model-1644510502,1644510511.84,0.73,0.1812,0.75,0.1685
model-1644510502,1644510511.859,0.74,0.1803,0.64,0.2222
model-1644510502,1644510511.875,0.67,0.2116,0.71,0.1827
model-1644510502,1644510511.896,0.7,0.2076,0.73,0.1831
model-1644510502,1644510511.912,0.73,0.1661,0.79,0.16
model-1644510502,1644510511.929,0.67,0.2031,0.75,0.1856
model-1644510502,1644510511.945,0.78,0.1589,0.63,0.2213
model-1644510502,1644510511.96,0.69,0.2044,0.72,0.2092
model-1644510502,1644510511.976,0.72,0.1823,0.68,0.1937
model-1644510502,1644510511.995,0.73,0.1759,0.69,0.1946
model-1644510502,1644510512.011,0.74,0.181,0.69,0.2037
model-1644510502,1644510512.027,0.73,0.1742,0.74,0.1866
model-1644510502,1644510512.043,0.65,0.2141,0.74,0.1661
model-1644510502,1644510512.059,0.72,0.1997,0.73,0.1759
model-1644510502,1644510512.076,0.66,0.2094,0.75,0.1757
model-1644510502,1644510512.094,0.71,0.1869,0.72,0.1923
model-1644510502,1644510512.112,0.63,0.207,0.64,0.2122
model-1644510502,1644510512.128,0.66,0.2171,0.72,0.1914
model-1644510502,1644510512.144,0.75,0.1673,0.78,0.1638
model-1644510502,1644510512.16,0.71,0.1952,0.73,0.1911
model-1644510502,1644510512.176,0.72,0.1655,0.71,0.196
model-1644510502,1644510512.192,0.68,0.2097,0.69,0.2079
model-1644510502,1644510512.21,0.73,0.1773,0.8,0.175
model-1644510502,1644510512.229,0.72,0.1969,0.77,0.1854
model-1644510502,1644510512.245,0.75,0.1744,0.72,0.1924
model-1644510502,1644510512.265,0.72,0.1913,0.76,0.1723
model-1644510502,1644510512.283,0.77,0.1681,0.71,0.1896
model-1644510502,1644510512.299,0.77,0.1641,0.77,0.169
model-1644510502,1644510512.316,0.68,0.205,0.72,0.1707
model-1644510502,1644510512.334,0.76,0.175,0.71,0.177
model-1644510502,1644510512.35,0.72,0.1896,0.84,0.1473
model-1644510502,1644510512.366,0.79,0.1553,0.84,0.1509
model-1644510502,1644510512.382,0.68,0.1958,0.76,0.1846
model-1644510502,1644510512.398,0.7,0.1912,0.63,0.2115
model-1644510502,1644510512.414,0.72,0.1795,0.87,0.1317
model-1644510502,1644510512.432,0.71,0.202,0.82,0.1324
model-1644510502,1644510512.455,0.69,0.1877,0.73,0.1945
model-1644510502,1644510512.472,0.74,0.1774,0.72,0.18
model-1644510502,1644510512.489,0.78,0.1739,0.65,0.2171
model-1644510502,1644510512.505,0.72,0.1831,0.72,0.172
model-1644510502,1644510512.521,0.71,0.2104,0.75,0.1662
model-1644510502,1644510512.537,0.79,0.1719,0.77,0.1655
model-1644510502,1644510512.556,0.76,0.1739,0.72,0.1946
model-1644510502,1644510512.572,0.72,0.1982,0.74,0.1751
model-1644510502,1644510512.589,0.75,0.1805,0.85,0.1432
model-1644510502,1644510512.607,0.74,0.2058,0.71,0.208
model-1644510502,1644510512.623,0.75,0.1717,0.71,0.1731
model-1644510502,1644510512.639,0.73,0.2009,0.69,0.201
model-1644510502,1644510512.658,0.69,0.1894,0.73,0.1822
model-1644510502,1644510512.674,0.81,0.1351,0.75,0.1796
model-1644510502,1644510512.69,0.78,0.148,0.71,0.1837
model-1644510502,1644510512.707,0.69,0.1972,0.81,0.1523
model-1644510502,1644510512.725,0.73,0.173,0.7,0.1974
model-1644510502,1644510512.741,0.7,0.1713,0.68,0.1846
model-1644510502,1644510512.76,0.73,0.1724,0.72,0.19
model-1644510502,1644510512.776,0.65,0.2225,0.79,0.1626
model-1644510502,1644510512.792,0.71,0.1884,0.8,0.1547
model-1644510502,1644510512.808,0.74,0.1784,0.78,0.1588
model-1644510502,1644510512.824,0.78,0.166,0.71,0.1867
model-1644510502,1644510512.84,0.76,0.1578,0.73,0.1892
model-1644510502,1644510512.856,0.75,0.1742,0.7,0.1973
model-1644510502,1644510512.875,0.72,0.1818,0.72,0.1703
model-1644510502,1644510512.891,0.76,0.1791,0.76,0.1667
model-1644510502,1644510512.908,0.78,0.1718,0.73,0.1788
model-1644510502,1644510512.924,0.71,0.181,0.65,0.2116
model-1644510502,1644510512.94,0.7,0.1831,0.76,0.1793
model-1644510502,1644510512.956,0.87,0.1403,0.66,0.2157
model-1644510502,1644510512.972,0.77,0.1707,0.7,0.2123
model-1644510502,1644510512.991,0.71,0.1918,0.65,0.2028
model-1644510502,1644510513.007,0.67,0.2009,0.78,0.1716
model-1644510502,1644510513.023,0.75,0.1547,0.71,0.1971
model-1644510502,1644510513.038,0.71,0.1952,0.72,0.1838
model-1644510502,1644510513.054,0.69,0.1816,0.71,0.197
model-1644510502,1644510513.07,0.76,0.1545,0.66,0.208
model-1644510502,1644510513.086,0.73,0.1982,0.68,0.2118
model-1644510502,1644510513.105,0.68,0.2151,0.73,0.1795
model-1644510502,1644510513.12,0.74,0.1794,0.75,0.1711
model-1644510502,1644510513.136,0.68,0.183,0.77,0.1655
model-1644510502,1644510513.152,0.71,0.1864,0.77,0.1661
model-1644510502,1644510513.168,0.72,0.2031,0.71,0.2013
model-1644510502,1644510513.184,0.7,0.1933,0.69,0.1893
model-1644510502,1644510513.199,0.66,0.2075,0.68,0.2199
model-1644510502,1644510513.219,0.73,0.1899,0.79,0.1801
model-1644510502,1644510513.234,0.76,0.1648,0.77,0.1751
model-1644510502,1644510513.25,0.64,0.244,0.69,0.1932
model-1644510502,1644510513.268,0.69,0.2102,0.79,0.1734
model-1644510502,1644510513.286,0.7,0.1917,0.68,0.1867
model-1644510502,1644510513.302,0.79,0.1603,0.74,0.1839
model-1644510502,1644510513.318,0.76,0.175,0.74,0.1802
model-1644510502,1644510513.337,0.76,0.1833,0.74,0.1736
model-1644510502,1644510513.352,0.76,0.1722,0.72,0.1738
model-1644510502,1644510513.368,0.79,0.1507,0.75,0.1767
model-1644510502,1644510513.384,0.77,0.1542,0.76,0.1572
model-1644510502,1644510513.4,0.68,0.2002,0.79,0.1776
model-1644510502,1644510513.416,0.73,0.188,0.67,0.2242
model-1644510502,1644510513.431,0.82,0.1516,0.67,0.231
model-1644510502,1644510513.45,0.74,0.1786,0.66,0.2184
model-1644510502,1644510513.466,0.65,0.2049,0.78,0.1604
model-1644510502,1644510513.485,0.79,0.144,0.69,0.2018
model-1644510502,1644510513.502,0.73,0.1838,0.77,0.1701
model-1644510502,1644510513.52,0.54,0.2653,0.74,0.174
model-1644510502,1644510513.537,0.75,0.1748,0.72,0.1879
model-1644510502,1644510513.554,0.66,0.1927,0.71,0.1953
model-1644510502,1644510513.574,0.72,0.183,0.8,0.1596
model-1644510502,1644510513.591,0.77,0.1797,0.68,0.2104
model-1644510502,1644510513.608,0.68,0.2133,0.7,0.1941
model-1644510502,1644510513.626,0.6,0.2229,0.76,0.16
model-1644510502,1644510513.643,0.73,0.1831,0.65,0.2218
model-1644510502,1644510513.66,0.71,0.1662,0.56,0.2398
model-1644510502,1644510513.68,0.69,0.2061,0.75,0.1811
model-1644510502,1644510513.698,0.71,0.1999,0.65,0.2177
model-1644510502,1644510513.717,0.67,0.2187,0.69,0.1928
model-1644510502,1644510513.734,0.81,0.1413,0.72,0.1967
model-1644510502,1644510513.751,0.74,0.1772,0.71,0.1865
model-1644510502,1644510513.768,0.69,0.1955,0.72,0.1852
model-1644510502,1644510513.789,0.76,0.1645,0.76,0.1651
model-1644510502,1644510513.805,0.55,0.2573,0.72,0.1741
model-1644510502,1644510513.822,0.73,0.1863,0.74,0.1788
model-1644510502,1644510513.838,0.76,0.1785,0.67,0.1894
model-1644510502,1644510513.855,0.73,0.2094,0.71,0.2
model-1644510502,1644510513.871,0.72,0.18,0.7,0.1955
model-1644510502,1644510513.89,0.73,0.1928,0.77,0.1568
model-1644510502,1644510513.907,0.74,0.1796,0.75,0.1668
model-1644510502,1644510513.923,0.74,0.1708,0.72,0.1808
model-1644510502,1644510513.94,0.75,0.1815,0.75,0.1676
model-1644510502,1644510513.959,0.84,0.1305,0.79,0.1767
model-1644510502,1644510513.976,0.8,0.1457,0.73,0.1682
model-1644510502,1644510513.994,0.71,0.2017,0.8,0.1537
model-1644510502,1644510514.01,0.72,0.1851,0.79,0.1682
model-1644510502,1644510514.026,0.75,0.1748,0.82,0.1473
model-1644510502,1644510514.042,0.71,0.1714,0.67,0.2086
model-1644510502,1644510514.058,0.72,0.1721,0.74,0.162
model-1644510502,1644510514.07,0.75,0.18,0.82,0.152
model-1644510502,1644510514.094,0.78,0.159,0.71,0.1728
model-1644510502,1644510514.11,0.75,0.1623,0.68,0.2014
model-1644510502,1644510514.127,0.86,0.1226,0.79,0.1519
model-1644510502,1644510514.143,0.75,0.153,0.68,0.1992
model-1644510502,1644510514.158,0.77,0.1558,0.75,0.1576
model-1644510502,1644510514.174,0.68,0.1868,0.76,0.1529
model-1644510502,1644510514.193,0.73,0.1876,0.8,0.1667
model-1644510502,1644510514.211,0.72,0.187,0.68,0.1712
model-1644510502,1644510514.227,0.72,0.1739,0.78,0.1778
model-1644510502,1644510514.243,0.77,0.1832,0.79,0.1566
model-1644510502,1644510514.259,0.74,0.1753,0.76,0.1704
model-1644510502,1644510514.275,0.75,0.1819,0.73,0.1968
model-1644510502,1644510514.293,0.74,0.1788,0.74,0.1837
model-1644510502,1644510514.311,0.7,0.1885,0.75,0.162
model-1644510502,1644510514.329,0.64,0.2084,0.69,0.1781
model-1644510502,1644510514.345,0.71,0.1821,0.74,0.16
model-1644510502,1644510514.361,0.66,0.1867,0.7,0.1858
model-1644510502,1644510514.378,0.79,0.1776,0.72,0.1878
model-1644510502,1644510514.394,0.77,0.166,0.76,0.1563
model-1644510502,1644510514.411,0.75,0.162,0.72,0.1873
model-1644510502,1644510514.431,0.71,0.1823,0.69,0.1811
model-1644510502,1644510514.447,0.78,0.1756,0.78,0.1602
model-1644510502,1644510514.463,0.72,0.1625,0.78,0.1628
model-1644510502,1644510514.479,0.76,0.1823,0.79,0.1538
model-1644510502,1644510514.495,0.71,0.1747,0.78,0.1572
model-1644510502,1644510514.511,0.76,0.1728,0.73,0.1882
model-1644510502,1644510514.527,0.67,0.2045,0.71,0.1847
model-1644510502,1644510514.546,0.69,0.1909,0.7,0.2055
model-1644510502,1644510514.562,0.8,0.1563,0.81,0.1384
model-1644510502,1644510514.578,0.72,0.1961,0.69,0.2038
model-1644510502,1644510514.593,0.78,0.1736,0.8,0.1538
model-1644510502,1644510514.609,0.69,0.1766,0.7,0.1592
model-1644510502,1644510514.625,0.76,0.1694,0.79,0.1651
model-1644510502,1644510514.641,0.83,0.168,0.79,0.1566
model-1644510502,1644510514.66,0.79,0.1648,0.72,0.1741
model-1644510502,1644510514.676,0.68,0.1919,0.76,0.1603
model-1644510502,1644510514.692,0.83,0.1457,0.72,0.1779
model-1644510502,1644510514.712,0.77,0.1713,0.8,0.1416
model-1644510502,1644510514.728,0.73,0.1952,0.71,0.1975
model-1644510502,1644510514.744,0.72,0.188,0.71,0.1965
model-1644510502,1644510514.76,0.73,0.1708,0.79,0.1622
model-1644510502,1644510514.779,0.75,0.1677,0.78,0.167
model-1644510502,1644510514.795,0.73,0.1711,0.82,0.1519
model-1644510502,1644510514.81,0.73,0.1913,0.74,0.1728
model-1644510502,1644510514.826,0.84,0.1322,0.78,0.1487
model-1644510502,1644510514.842,0.71,0.1823,0.72,0.1849
model-1644510502,1644510514.858,0.77,0.1708,0.74,0.174
model-1644510502,1644510514.873,0.7,0.1806,0.79,0.157
model-1644510502,1644510514.892,0.72,0.1848,0.79,0.1521
model-1644510502,1644510514.908,0.71,0.1881,0.75,0.1704
model-1644510502,1644510514.924,0.76,0.1854,0.79,0.1543
model-1644510502,1644510514.941,0.74,0.186,0.76,0.1728
model-1644510502,1644510514.957,0.67,0.2191,0.78,0.164
model-1644510502,1644510514.973,0.71,0.1655,0.7,0.1694
model-1644510502,1644510514.989,0.75,0.1645,0.83,0.1502
model-1644510502,1644510515.008,0.73,0.1799,0.77,0.1601
model-1644510502,1644510515.024,0.79,0.1674,0.73,0.1657
model-1644510502,1644510515.04,0.74,0.1745,0.79,0.1559
model-1644510502,1644510515.056,0.74,0.1679,0.81,0.1522
model-1644510502,1644510515.071,0.72,0.1719,0.72,0.1759
model-1644510502,1644510515.087,0.8,0.1582,0.81,0.1338
model-1644510502,1644510515.103,0.72,0.1955,0.77,0.168
model-1644510502,1644510515.122,0.76,0.153,0.74,0.1872
model-1644510502,1644510515.137,0.79,0.161,0.81,0.1638
model-1644510502,1644510515.153,0.72,0.1728,0.75,0.1789
model-1644510502,1644510515.17,0.82,0.1349,0.8,0.1531
model-1644510502,1644510515.186,0.74,0.1767,0.69,0.2138
model-1644510502,1644510515.202,0.75,0.1665,0.74,0.185
model-1644510502,1644510515.218,0.73,0.1917,0.77,0.1625
model-1644510502,1644510515.236,0.74,0.1608,0.84,0.1256
model-1644510502,1644510515.252,0.71,0.1739,0.83,0.1449
model-1644510502,1644510515.268,0.69,0.2027,0.78,0.1572
model-1644510502,1644510515.284,0.73,0.1809,0.72,0.18
model-1644510502,1644510515.301,0.77,0.1656,0.81,0.1421
model-1644510502,1644510515.32,0.77,0.176,0.72,0.1808
model-1644510502,1644510515.336,0.68,0.2037,0.75,0.1716
model-1644510502,1644510515.354,0.82,0.1298,0.85,0.1376
model-1644510502,1644510515.37,0.73,0.1731,0.73,0.1653
model-1644510502,1644510515.386,0.81,0.1594,0.8,0.155
model-1644510502,1644510515.403,0.83,0.1267,0.78,0.159
model-1644510502,1644510515.419,0.7,0.1907,0.75,0.1716
model-1644510502,1644510515.435,0.74,0.1686,0.72,0.1787
model-1644510502,1644510515.45,0.72,0.1903,0.77,0.1765
model-1644510502,1644510515.469,0.75,0.1689,0.75,0.1682
model-1644510502,1644510515.485,0.75,0.1572,0.71,0.1719
model-1644510502,1644510515.501,0.68,0.2097,0.73,0.1726
model-1644510502,1644510515.517,0.74,0.1942,0.75,0.1686
model-1644510502,1644510515.533,0.77,0.1649,0.79,0.1426
model-1644510502,1644510515.549,0.75,0.17,0.77,0.1664
model-1644510502,1644510515.565,0.72,0.1816,0.7,0.2017
model-1644510502,1644510515.584,0.74,0.1664,0.67,0.2095
model-1644510502,1644510515.6,0.72,0.1777,0.72,0.1739
model-1644510502,1644510515.616,0.8,0.1725,0.8,0.1459
model-1644510502,1644510515.632,0.77,0.1661,0.71,0.1819
model-1644510502,1644510515.647,0.72,0.1854,0.7,0.2134
model-1644510502,1644510515.663,0.76,0.185,0.7,0.1896
model-1644510502,1644510515.68,0.79,0.1575,0.72,0.1886
model-1644510502,1644510515.699,0.66,0.1967,0.79,0.1528
model-1644510502,1644510515.716,0.8,0.1407,0.77,0.1583
model-1644510502,1644510515.732,0.72,0.1868,0.71,0.1738
model-1644510502,1644510515.748,0.75,0.1654,0.69,0.1997
model-1644510502,1644510515.764,0.8,0.1586,0.69,0.2044
model-1644510502,1644510515.78,0.77,0.1543,0.82,0.1498
model-1644510502,1644510515.795,0.77,0.1529,0.8,0.1617
model-1644510502,1644510515.814,0.68,0.1918,0.82,0.143
model-1644510502,1644510515.83,0.76,0.1902,0.74,0.1836
model-1644510502,1644510515.846,0.72,0.1887,0.78,0.1536
model-1644510502,1644510515.861,0.76,0.1649,0.67,0.1962
model-1644510502,1644510515.877,0.66,0.1825,0.75,0.1745
model-1644510502,1644510515.893,0.73,0.1907,0.71,0.17
model-1644510502,1644510515.909,0.76,0.1488,0.78,0.1585
model-1644510502,1644510515.928,0.77,0.1755,0.74,0.1757
model-1644510502,1644510515.944,0.78,0.1486,0.79,0.1573
model-1644510502,1644510515.96,0.67,0.1822,0.73,0.186
model-1644510502,1644510515.976,0.77,0.1586,0.79,0.1527
model-1644510502,1644510515.992,0.74,0.1714,0.81,0.1337
model-1644510502,1644510516.009,0.77,0.1608,0.78,0.1467
model-1644510502,1644510516.026,0.75,0.1715,0.82,0.1386
model-1644510502,1644510516.046,0.77,0.1518,0.76,0.1445
model-1644510502,1644510516.063,0.8,0.1282,0.74,0.1759
model-1644510502,1644510516.079,0.72,0.1756,0.79,0.1428
model-1644510502,1644510516.096,0.76,0.1605,0.82,0.1508
model-1644510502,1644510516.113,0.75,0.1789,0.75,0.1696
model-1644510502,1644510516.129,0.8,0.1375,0.74,0.1524
model-1644510502,1644510516.146,0.73,0.1738,0.81,0.1618
model-1644510502,1644510516.165,0.74,0.1669,0.77,0.1691
model-1644510502,1644510516.182,0.75,0.1628,0.81,0.1445
model-1644510502,1644510516.198,0.75,0.1817,0.77,0.1864
model-1644510502,1644510516.214,0.77,0.1564,0.7,0.1892
model-1644510502,1644510516.231,0.73,0.1723,0.75,0.1566
model-1644510502,1644510516.247,0.77,0.1472,0.83,0.1315
model-1644510502,1644510516.264,0.72,0.1639,0.84,0.124
model-1644510502,1644510516.283,0.72,0.1762,0.76,0.1667
model-1644510502,1644510516.301,0.79,0.1613,0.71,0.2017
model-1644510502,1644510516.318,0.78,0.1609,0.76,0.1456
model-1644510502,1644510516.338,0.72,0.1737,0.77,0.1447
model-1644510502,1644510516.354,0.79,0.1634,0.73,0.1753
model-1644510502,1644510516.371,0.77,0.1731,0.7,0.1899
model-1644510502,1644510516.39,0.78,0.1588,0.8,0.1598
model-1644510502,1644510516.406,0.75,0.1838,0.75,0.1568
model-1644510502,1644510516.422,0.77,0.1573,0.82,0.151
model-1644510502,1644510516.437,0.85,0.1284,0.79,0.1573
model-1644510502,1644510516.453,0.84,0.1331,0.75,0.1528
model-1644510502,1644510516.469,0.72,0.195,0.77,0.1504
model-1644510502,1644510516.486,0.78,0.1628,0.76,0.1652
model-1644510502,1644510516.505,0.76,0.1668,0.75,0.1823
model-1644510502,1644510516.521,0.79,0.148,0.73,0.1769
model-1644510502,1644510516.537,0.73,0.1944,0.72,0.197
model-1644510502,1644510516.553,0.72,0.1854,0.81,0.1514
model-1644510502,1644510516.569,0.78,0.1598,0.79,0.1474
model-1644510502,1644510516.585,0.77,0.1457,0.78,0.1574
model-1644510502,1644510516.601,0.81,0.1351,0.8,0.1406
model-1644510502,1644510516.62,0.77,0.1555,0.69,0.2095
model-1644510502,1644510516.635,0.78,0.1644,0.75,0.1768
model-1644510502,1644510516.651,0.75,0.1687,0.73,0.171
model-1644510502,1644510516.667,0.76,0.1545,0.72,0.1769
model-1644510502,1644510516.683,0.77,0.1608,0.68,0.207
model-1644510502,1644510516.699,0.73,0.1773,0.75,0.1801
model-1644510502,1644510516.717,0.85,0.1276,0.76,0.1448
model-1644510502,1644510516.735,0.82,0.1462,0.75,0.1758
model-1644510502,1644510516.751,0.73,0.175,0.74,0.1893
model-1644510502,1644510516.767,0.7,0.1992,0.81,0.162
model-1644510502,1644510516.783,0.74,0.1517,0.81,0.1535
model-1644510502,1644510516.798,0.77,0.1734,0.83,0.1423
model-1644510502,1644510516.814,0.76,0.1679,0.74,0.1878
model-1644510502,1644510516.835,0.79,0.1277,0.7,0.1927
model-1644510502,1644510516.854,0.7,0.1963,0.7,0.1976
model-1644510502,1644510516.87,0.66,0.2262,0.74,0.171
model-1644510502,1644510516.886,0.75,0.1736,0.79,0.1586
model-1644510502,1644510516.901,0.74,0.1673,0.74,0.1824
model-1644510502,1644510516.917,0.74,0.1675,0.82,0.1316
model-1644510502,1644510516.934,0.74,0.188,0.79,0.1515
model-1644510502,1644510516.949,0.71,0.1905,0.72,0.1821
model-1644510502,1644510516.969,0.67,0.2087,0.76,0.1576
model-1644510502,1644510516.985,0.79,0.1657,0.82,0.1442
model-1644510502,1644510517.001,0.79,0.1475,0.76,0.1619
model-1644510502,1644510517.018,0.68,0.2293,0.76,0.1702
model-1644510502,1644510517.035,0.69,0.2067,0.81,0.1572
model-1644510502,1644510517.052,0.73,0.1749,0.75,0.1642
model-1644510502,1644510517.069,0.82,0.1374,0.79,0.1657
model-1644510502,1644510517.088,0.8,0.1561,0.69,0.1865
model-1644510502,1644510517.106,0.75,0.1711,0.7,0.1974
model-1644510502,1644510517.123,0.73,0.174,0.79,0.1628
model-1644510502,1644510517.139,0.8,0.143,0.85,0.1234
model-1644510502,1644510517.156,0.73,0.1709,0.77,0.1629
model-1644510502,1644510517.172,0.78,0.1755,0.73,0.1703
model-1644510502,1644510517.192,0.8,0.1641,0.81,0.1558
model-1644510502,1644510517.208,0.8,0.1438,0.69,0.2015
model-1644510502,1644510517.224,0.69,0.1683,0.76,0.187
model-1644510502,1644510517.241,0.74,0.1724,0.73,0.1961
model-1644510502,1644510517.257,0.82,0.1426,0.77,0.1537
model-1644510502,1644510517.274,0.8,0.1523,0.66,0.2218
model-1644510502,1644510517.293,0.66,0.2056,0.8,0.1465
model-1644510502,1644510517.309,0.71,0.1725,0.79,0.1409
model-1644510502,1644510517.326,0.68,0.1878,0.78,0.1682
model-1644510502,1644510517.346,0.77,0.1567,0.79,0.152
model-1644510502,1644510517.363,0.73,0.1685,0.75,0.1845
model-1644510502,1644510517.379,0.71,0.1779,0.83,0.1357
model-1644510502,1644510517.403,0.65,0.2143,0.75,0.1659
model-1644510502,1644510517.42,0.7,0.1844,0.74,0.194
model-1644510502,1644510517.436,0.82,0.1313,0.78,0.159
model-1644510502,1644510517.453,0.76,0.1604,0.77,0.1646
model-1644510502,1644510517.469,0.75,0.1813,0.77,0.1625
model-1644510502,1644510517.485,0.7,0.2094,0.7,0.1804
model-1644510502,1644510517.505,0.8,0.1454,0.71,0.1805
model-1644510502,1644510517.523,0.83,0.14,0.74,0.1818
model-1644510502,1644510517.54,0.77,0.1752,0.73,0.1712
model-1644510502,1644510517.558,0.81,0.1382,0.8,0.1396
model-1644510502,1644510517.575,0.62,0.2401,0.78,0.1611
model-1644510502,1644510517.593,0.67,0.1788,0.78,0.1792
model-1644510502,1644510517.614,0.77,0.1592,0.75,0.1679
model-1644510502,1644510517.631,0.74,0.1734,0.79,0.1578
model-1644510502,1644510517.647,0.78,0.1665,0.79,0.1528
model-1644510502,1644510517.666,0.77,0.1707,0.76,0.1543
model-1644510502,1644510517.683,0.8,0.1527,0.78,0.1576
model-1644510502,1644510517.7,0.78,0.149,0.74,0.1734
model-1644510502,1644510517.721,0.77,0.1657,0.75,0.1431
model-1644510502,1644510517.738,0.85,0.1019,0.78,0.1484
model-1644510502,1644510517.754,0.81,0.1256,0.83,0.1339
model-1644510502,1644510517.77,0.71,0.1924,0.82,0.151
model-1644510502,1644510517.787,0.74,0.1715,0.78,0.167
model-1644510502,1644510517.803,0.74,0.1612,0.74,0.1815
model-1644510502,1644510517.822,0.74,0.1482,0.78,0.1538
model-1644510502,1644510517.838,0.74,0.1474,0.78,0.182
model-1644510502,1644510517.85,0.83,0.1598,0.82,0.1335
model-1644510502,1644510517.874,0.79,0.1499,0.77,0.1521
model-1644510502,1644510517.89,0.81,0.1411,0.77,0.1754
model-1644510502,1644510517.907,0.89,0.105,0.73,0.177
model-1644510502,1644510517.923,0.81,0.1298,0.8,0.143
model-1644510502,1644510517.941,0.83,0.1294,0.78,0.1653
model-1644510502,1644510517.957,0.75,0.1696,0.79,0.154
model-1644510502,1644510517.976,0.74,0.1655,0.72,0.1764
model-1644510502,1644510517.992,0.74,0.1737,0.76,0.155
model-1644510502,1644510518.008,0.75,0.1662,0.8,0.1295
model-1644510502,1644510518.024,0.79,0.1751,0.79,0.1498
model-1644510502,1644510518.04,0.76,0.1664,0.83,0.1394
model-1644510502,1644510518.056,0.7,0.1811,0.8,0.1388
model-1644510502,1644510518.072,0.79,0.166,0.77,0.1705
model-1644510502,1644510518.09,0.79,0.1667,0.83,0.1316
model-1644510502,1644510518.106,0.68,0.1825,0.88,0.1085
model-1644510502,1644510518.122,0.76,0.1582,0.84,0.1316
model-1644510502,1644510518.138,0.71,0.1828,0.77,0.1786
model-1644510502,1644510518.153,0.76,0.1618,0.71,0.1891
model-1644510502,1644510518.169,0.81,0.1514,0.75,0.1605
model-1644510502,1644510518.185,0.79,0.1341,0.72,0.1835
model-1644510502,1644510518.204,0.81,0.1532,0.8,0.1349
model-1644510502,1644510518.219,0.79,0.1399,0.79,0.1426
model-1644510502,1644510518.235,0.82,0.1379,0.75,0.1517
model-1644510502,1644510518.252,0.78,0.1579,0.82,0.1446
model-1644510502,1644510518.268,0.75,0.1581,0.68,0.208
model-1644510502,1644510518.284,0.77,0.1506,0.8,0.1502
model-1644510502,1644510518.303,0.7,0.1887,0.78,0.1526
model-1644510502,1644510518.322,0.74,0.1732,0.81,0.1458
model-1644510502,1644510518.337,0.82,0.1256,0.72,0.1955
model-1644510502,1644510518.356,0.79,0.1583,0.79,0.1647
model-1644510502,1644510518.374,0.75,0.1675,0.83,0.1186
model-1644510502,1644510518.39,0.79,0.152,0.75,0.1617
model-1644510502,1644510518.405,0.78,0.1565,0.83,0.1489
model-1644510502,1644510518.421,0.82,0.1551,0.78,0.1459
model-1644510502,1644510518.44,0.79,0.1528,0.78,0.1667
model-1644510502,1644510518.455,0.76,0.1618,0.86,0.1072
model-1644510502,1644510518.472,0.8,0.1509,0.79,0.1602
model-1644510502,1644510518.489,0.79,0.1435,0.81,0.1374
model-1644510502,1644510518.505,0.76,0.1681,0.85,0.117
model-1644510502,1644510518.521,0.79,0.1518,0.77,0.157
model-1644510502,1644510518.538,0.76,0.1481,0.83,0.1316
model-1644510502,1644510518.558,0.77,0.1568,0.74,0.1556
model-1644510502,1644510518.574,0.75,0.1689,0.82,0.1375
model-1644510502,1644510518.591,0.77,0.1754,0.81,0.1341
model-1644510502,1644510518.607,0.84,0.107,0.87,0.0997
model-1644510502,1644510518.624,0.77,0.1632,0.81,0.151
model-1644510502,1644510518.64,0.82,0.1372,0.76,0.1629
model-1644510502,1644510518.659,0.79,0.1594,0.75,0.1638
model-1644510502,1644510518.676,0.73,0.1803,0.76,0.1746
model-1644510502,1644510518.693,0.78,0.1656,0.79,0.1418
model-1644510502,1644510518.711,0.79,0.1628,0.78,0.1392
model-1644510502,1644510518.729,0.72,0.1983,0.8,0.1367
model-1644510502,1644510518.746,0.71,0.206,0.78,0.1569
model-1644510502,1644510518.765,0.77,0.1456,0.76,0.1579
model-1644510502,1644510518.781,0.8,0.1486,0.83,0.144
model-1644510502,1644510518.798,0.78,0.1715,0.87,0.107
model-1644510502,1644510518.814,0.78,0.1634,0.8,0.1309
model-1644510502,1644510518.83,0.71,0.1546,0.8,0.1482
model-1644510502,1644510518.847,0.76,0.1571,0.78,0.1536
model-1644510502,1644510518.867,0.76,0.1606,0.77,0.1674
model-1644510502,1644510518.883,0.81,0.1373,0.79,0.1262
model-1644510502,1644510518.9,0.76,0.1863,0.78,0.1601
model-1644510502,1644510518.916,0.77,0.1396,0.84,0.1248
model-1644510502,1644510518.933,0.81,0.1508,0.81,0.1472
model-1644510502,1644510518.948,0.79,0.1498,0.78,0.1692
model-1644510502,1644510518.967,0.83,0.1304,0.72,0.185
model-1644510502,1644510518.983,0.72,0.163,0.78,0.1548
model-1644510502,1644510519.0,0.81,0.1425,0.78,0.1519
model-1644510502,1644510519.017,0.74,0.1764,0.77,0.1482
model-1644510502,1644510519.033,0.78,0.1527,0.78,0.1437
model-1644510502,1644510519.049,0.76,0.163,0.78,0.1584
model-1644510502,1644510519.068,0.71,0.1766,0.84,0.1364
model-1644510502,1644510519.083,0.77,0.1612,0.78,0.1621
model-1644510502,1644510519.099,0.82,0.1433,0.77,0.1719
model-1644510502,1644510519.115,0.75,0.1609,0.79,0.153
model-1644510502,1644510519.131,0.73,0.1933,0.79,0.1579
model-1644510502,1644510519.147,0.87,0.1181,0.79,0.1496
model-1644510502,1644510519.162,0.8,0.1525,0.72,0.1773
model-1644510502,1644510519.181,0.83,0.1366,0.77,0.1494
model-1644510502,1644510519.197,0.79,0.1174,0.74,0.179
model-1644510502,1644510519.213,0.72,0.1774,0.77,0.1709
model-1644510502,1644510519.229,0.76,0.1452,0.76,0.1619
model-1644510502,1644510519.245,0.73,0.1785,0.69,0.1909
model-1644510502,1644510519.261,0.78,0.1576,0.73,0.1704
model-1644510502,1644510519.276,0.78,0.1504,0.76,0.161
model-1644510502,1644510519.297,0.72,0.1936,0.72,0.184
model-1644510502,1644510519.313,0.73,0.1659,0.8,0.1344
model-1644510502,1644510519.329,0.79,0.1355,0.74,0.1779
model-1644510502,1644510519.345,0.78,0.1601,0.75,0.1813
model-1644510502,1644510519.36,0.73,0.1647,0.73,0.1876
model-1644510502,1644510519.381,0.78,0.1438,0.74,0.1621
model-1644510502,1644510519.397,0.79,0.1397,0.75,0.1505
model-1644510502,1644510519.416,0.77,0.1499,0.72,0.1641
model-1644510502,1644510519.431,0.76,0.1534,0.69,0.1968
model-1644510502,1644510519.447,0.74,0.1674,0.73,0.1645
model-1644510502,1644510519.463,0.8,0.1634,0.78,0.1656
model-1644510502,1644510519.479,0.81,0.1316,0.8,0.1559
model-1644510502,1644510519.495,0.75,0.1729,0.78,0.147
model-1644510502,1644510519.511,0.86,0.1189,0.78,0.165
model-1644510502,1644510519.53,0.76,0.1747,0.77,0.1437
model-1644510502,1644510519.548,0.77,0.1607,0.73,0.169
model-1644510502,1644510519.564,0.81,0.1331,0.78,0.1449
model-1644510502,1644510519.58,0.8,0.1448,0.83,0.1334
model-1644510502,1644510519.596,0.76,0.1501,0.83,0.1137
model-1644510502,1644510519.612,0.72,0.1858,0.82,0.126
model-1644510502,1644510519.628,0.78,0.1487,0.77,0.171
model-1644510502,1644510519.646,0.77,0.1653,0.78,0.155
model-1644510502,1644510519.662,0.79,0.1584,0.77,0.1498
model-1644510502,1644510519.678,0.76,0.1666,0.78,0.1722
model-1644510502,1644510519.694,0.72,0.1802,0.74,0.1653
model-1644510502,1644510519.711,0.84,0.1229,0.82,0.1373
model-1644510502,1644510519.728,0.78,0.1582,0.8,0.1607
model-1644510502,1644510519.744,0.8,0.1416,0.81,0.1325
model-1644510502,1644510519.763,0.73,0.158,0.81,0.1358
model-1644510502,1644510519.779,0.83,0.1375,0.76,0.1774
model-1644510502,1644510519.795,0.81,0.1451,0.8,0.1343
model-1644510502,1644510519.812,0.77,0.1577,0.74,0.1734
model-1644510502,1644510519.829,0.74,0.1755,0.77,0.1575
model-1644510502,1644510519.845,0.82,0.1297,0.78,0.154
model-1644510502,1644510519.861,0.84,0.1112,0.77,0.1587
model-1644510502,1644510519.879,0.8,0.1543,0.74,0.175
model-1644510502,1644510519.895,0.8,0.1476,0.79,0.1592
model-1644510502,1644510519.912,0.77,0.1568,0.79,0.1365
model-1644510502,1644510519.927,0.79,0.1331,0.79,0.1632
model-1644510502,1644510519.943,0.76,0.1566,0.78,0.1625
model-1644510502,1644510519.961,0.78,0.1494,0.79,0.1542
model-1644510502,1644510519.977,0.81,0.1504,0.83,0.1204
model-1644510502,1644510519.998,0.76,0.1612,0.8,0.1525
model-1644510502,1644510520.016,0.82,0.1438,0.78,0.1462
model-1644510502,1644510520.033,0.74,0.1697,0.68,0.2146
model-1644510502,1644510520.051,0.8,0.1309,0.71,0.1889
model-1644510502,1644510520.068,0.78,0.1437,0.79,0.1363
model-1644510502,1644510520.086,0.75,0.1542,0.79,0.1575
model-1644510502,1644510520.103,0.81,0.1399,0.83,0.1303
model-1644510502,1644510520.124,0.79,0.147,0.77,0.153
model-1644510502,1644510520.141,0.76,0.1602,0.78,0.1469
model-1644510502,1644510520.158,0.82,0.1423,0.79,0.1282
model-1644510502,1644510520.175,0.79,0.1524,0.82,0.1226
model-1644510502,1644510520.192,0.81,0.1448,0.79,0.136
model-1644510502,1644510520.211,0.75,0.1763,0.67,0.2029
model-1644510502,1644510520.233,0.83,0.1367,0.81,0.1407
model-1644510502,1644510520.25,0.83,0.1124,0.76,0.1525
model-1644510502,1644510520.267,0.87,0.1159,0.84,0.1268
model-1644510502,1644510520.284,0.72,0.1887,0.78,0.1743
model-1644510502,1644510520.301,0.83,0.133,0.76,0.1449
model-1644510502,1644510520.318,0.75,0.16,0.77,0.1576
model-1644510502,1644510520.338,0.79,0.1359,0.76,0.1688
model-1644510502,1644510520.356,0.72,0.183,0.78,0.1469
model-1644510502,1644510520.373,0.8,0.158,0.75,0.1593
model-1644510502,1644510520.395,0.83,0.1434,0.84,0.1337
model-1644510502,1644510520.414,0.84,0.1197,0.77,0.1597
model-1644510502,1644510520.43,0.8,0.1329,0.71,0.1747
model-1644510502,1644510520.449,0.79,0.1278,0.76,0.1616
model-1644510502,1644510520.465,0.8,0.1405,0.77,0.1313
model-1644510502,1644510520.481,0.83,0.1461,0.85,0.1269
model-1644510502,1644510520.497,0.81,0.1431,0.81,0.1577
model-1644510502,1644510520.513,0.74,0.1643,0.74,0.1669
model-1644510502,1644510520.529,0.79,0.1473,0.73,0.193
model-1644510502,1644510520.546,0.89,0.1085,0.77,0.1558
model-1644510502,1644510520.564,0.82,0.1285,0.68,0.2024
model-1644510502,1644510520.58,0.76,0.1588,0.78,0.1411
model-1644510502,1644510520.596,0.75,0.1746,0.78,0.1474
model-1644510502,1644510520.612,0.75,0.1507,0.78,0.1367
model-1644510502,1644510520.628,0.78,0.1654,0.78,0.1454
model-1644510502,1644510520.646,0.77,0.1635,0.76,0.1686
model-1644510502,1644510520.664,0.88,0.0923,0.8,0.1288
model-1644510502,1644510520.681,0.75,0.1825,0.78,0.1534
model-1644510502,1644510520.697,0.75,0.1736,0.79,0.134
model-1644510502,1644510520.714,0.75,0.17,0.76,0.163
model-1644510502,1644510520.73,0.81,0.1466,0.85,0.1075
model-1644510502,1644510520.746,0.79,0.1546,0.77,0.1584
model-1644510502,1644510520.762,0.76,0.1703,0.78,0.1534
model-1644510502,1644510520.781,0.79,0.1566,0.72,0.1776
model-1644510502,1644510520.796,0.74,0.1886,0.8,0.1632
model-1644510502,1644510520.812,0.77,0.162,0.77,0.1656
model-1644510502,1644510520.828,0.81,0.1347,0.74,0.1683
model-1644510502,1644510520.844,0.7,0.1937,0.79,0.144
model-1644510502,1644510520.86,0.78,0.1472,0.76,0.176
model-1644510502,1644510520.877,0.73,0.1556,0.78,0.1372
model-1644510502,1644510520.896,0.86,0.1196,0.79,0.1486
model-1644510502,1644510520.912,0.78,0.1424,0.76,0.1608
model-1644510502,1644510520.928,0.77,0.1562,0.8,0.1532
model-1644510502,1644510520.944,0.73,0.1692,0.8,0.1438
model-1644510502,1644510520.96,0.89,0.1122,0.74,0.189
model-1644510502,1644510520.976,0.79,0.1491,0.77,0.1547
model-1644510502,1644510520.992,0.78,0.1653,0.77,0.1666
model-1644510502,1644510521.011,0.77,0.1517,0.68,0.1911
model-1644510502,1644510521.027,0.83,0.1267,0.72,0.1876
model-1644510502,1644510521.043,0.81,0.1371,0.74,0.1801
model-1644510502,1644510521.059,0.8,0.1419,0.77,0.1584
model-1644510502,1644510521.075,0.82,0.1288,0.76,0.168
model-1644510502,1644510521.091,0.82,0.1369,0.76,0.1562
model-1644510502,1644510521.106,0.75,0.1901,0.76,0.1391
model-1644510502,1644510521.125,0.81,0.1514,0.87,0.1057
model-1644510502,1644510521.142,0.75,0.1677,0.8,0.1364
model-1644510502,1644510521.158,0.81,0.1351,0.77,0.1772
model-1644510502,1644510521.175,0.83,0.1338,0.76,0.1638
model-1644510502,1644510521.191,0.76,0.1437,0.79,0.1492
model-1644510502,1644510521.209,0.71,0.1986,0.82,0.1265
model-1644510502,1644510521.225,0.79,0.1511,0.72,0.177
model-1644510502,1644510521.244,0.83,0.122,0.76,0.1657
model-1644510502,1644510521.259,0.79,0.1577,0.76,0.1711
model-1644510502,1644510521.275,0.8,0.1503,0.72,0.1883
model-1644510502,1644510521.291,0.74,0.1807,0.81,0.1503
model-1644510502,1644510521.307,0.78,0.1335,0.71,0.1948
model-1644510502,1644510521.323,0.8,0.1544,0.72,0.1859
model-1644510502,1644510521.338,0.74,0.1698,0.77,0.1382
model-1644510502,1644510521.357,0.81,0.1277,0.74,0.1502
model-1644510502,1644510521.373,0.72,0.2096,0.77,0.161
model-1644510502,1644510521.389,0.68,0.1962,0.72,0.1771
model-1644510502,1644510521.407,0.75,0.1771,0.83,0.1027
model-1644510502,1644510521.426,0.76,0.1784,0.79,0.1481
model-1644510502,1644510521.442,0.78,0.1766,0.72,0.1937
model-1644510502,1644510521.458,0.71,0.177,0.82,0.1536
model-1644510502,1644510521.478,0.69,0.1868,0.81,0.1463
model-1644510502,1644510521.497,0.8,0.1377,0.77,0.1541
model-1644510502,1644510521.515,0.82,0.14,0.79,0.1462
model-1644510502,1644510521.533,0.87,0.0974,0.75,0.1702
model-1644510502,1644510521.55,0.83,0.1212,0.76,0.14
model-1644510502,1644510521.567,0.78,0.1757,0.73,0.1866
model-1644510502,1644510521.586,0.8,0.1535,0.71,0.1686
model-1644510502,1644510521.603,0.82,0.1439,0.71,0.1761
model-1644510502,1644510521.619,0.79,0.1374,0.77,0.1588
model-1644510502,1644510521.636,0.83,0.1308,0.73,0.1766
model-1644510502,1644510521.648,0.85,0.1387,0.81,0.1388
